<?xml version="1.0" encoding="UTF-8"?>
<!-- Generated by org.testng.reporters.JUnitReportReporter -->
<testsuite skipped="0" hostname="ROSYs-MacBook-Air.local" name="TestCases.SmokeTestCases" tests="2" failures="0" timestamp="23 Jun 2020 09:15:31 GMT" time="9.732" errors="0">
  <testcase name="testAddingNewRecipe" time="5.126" classname="TestCases.SmokeTestCases"/>
  <testcase name="testUserNavigationToNewRecipePage" time="4.606" classname="TestCases.SmokeTestCases"/>
</testsuite> <!-- TestCases.SmokeTestCases -->
