<?xml version="1.0" encoding="UTF-8"?>
<!-- Generated by org.testng.reporters.JUnitReportReporter -->
<testsuite skipped="0" hostname="ROSYs-MacBook-Air.local" name="TestCases.TestRecipesPage" tests="3" failures="0" timestamp="11 Aug 2020 03:58:45 GMT" time="13.907" errors="0">
  <testcase name="test_shouldDisplayText_whenUserInLandingPage" time="3.039" classname="TestCases.TestRecipesPage"/>
  <testcase name="test_shouldDisplayRecipesList_whenUserInLandingPage" time="6.797" classname="TestCases.TestRecipesPage"/>
  <testcase name="test_shouldAddNewRecipe_whenCorrectValuesEntered" time="4.071" classname="TestCases.TestRecipesPage"/>
</testsuite> <!-- TestCases.TestRecipesPage -->
