<?xml version="1.0" encoding="UTF-8"?>
<!-- Generated by org.testng.reporters.JUnitReportReporter -->
<testsuite skipped="0" hostname="ROSYs-MacBook-Air.local" name="TestCases.SmokeTest_Using_POM" tests="3" failures="0" timestamp="09 Aug 2020 19:40:50 GMT" time="3.437" errors="0">
  <testcase name="testLandingPageText" time="1.486" classname="TestCases.SmokeTest_Using_POM"/>
  <testcase name="testRecipesListIsDisplayed" time="0.807" classname="TestCases.SmokeTest_Using_POM"/>
  <testcase name="testAddingNewRecipe" time="1.144" classname="TestCases.SmokeTest_Using_POM"/>
</testsuite> <!-- TestCases.SmokeTest_Using_POM -->
