<?xml version="1.0" encoding="UTF-8"?>
<!-- Generated by org.testng.reporters.JUnitReportReporter -->
<testsuite skipped="0" hostname="ROSYs-MacBook-Air.local" name="TestCases.TestRecipesPage" tests="6" failures="0" timestamp="14 Aug 2020 03:04:56 GMT" time="21.136" errors="0">
  <testcase name="test_shouldDisplayText_whenUserInLandingPage" time="2.767" classname="TestCases.TestRecipesPage"/>
  <testcase name="test_shouldDisplayRecipesList_whenUserInLandingPage" time="3.020" classname="TestCases.TestRecipesPage"/>
  <testcase name="test_shouldAddNewRecipe_whenCorrectValuesEntered" time="3.555" classname="TestCases.TestRecipesPage"/>
  <testcase name="test_shouldAddMultipleNewRecipes_whenCorrectValuesEnteredOneAfterAnother" time="3.577" classname="TestCases.TestRecipesPage"/>
  <testcase name="test_shouldAddMultipleNewRecipes_whenCorrectValuesEnteredOneAfterAnother" time="3.700" classname="TestCases.TestRecipesPage"/>
  <testcase name="test_shouldAddMultipleNewRecipes_whenCorrectValuesEnteredOneAfterAnother" time="4.517" classname="TestCases.TestRecipesPage"/>
</testsuite> <!-- TestCases.TestRecipesPage -->
